<?xml version="1.0" encoding="UTF-8"?>
<!-- Generated by org.testng.reporters.JUnitReportReporter -->
<testsuite hostname="Nawaphong-O" name="selenium.web.test.Webtest" tests="3" failures="0" timestamp="10 Oct 2016 10:08:13 GMT" time="3.898" errors="0">
  <testcase name="TestA_insert" time="1.491" classname="selenium.web.test.Webtest"/>
  <testcase name="TestB_update" time="1.675" classname="selenium.web.test.Webtest"/>
  <testcase name="TestC_delete" time="0.732" classname="selenium.web.test.Webtest"/>
</testsuite> <!-- selenium.web.test.Webtest -->
